Using pre-set license
Built from '6000.0/staging' branch; Version is '6000.0.26f1 (ccb7c73d2c02) revision 13416391'; Using compiler version '193933523'; Build Type 'Release'
OS: 'Windows 10  (10.0.19045) 64bit CoreSingleLanguage' Language: 'en' Physical Memory: 8042 MB
BatchMode: 1, IsHumanControllingUs: 0, StartBugReporterOnCrash: 0, Is64bit: 1, IsPro: 1

COMMAND LINE ARGUMENTS:
D:\6000.0.26f1\Editor\Unity.exe
-adb2
-batchMode
-noUpm
-name
AssetImportWorker0
-projectPath
D:/UNITY/PROJECTS/makegeo/makegeo
-logFile
Logs/AssetImportWorker0.log
-srvPort
49202
-job-worker-count
3
-background-job-worker-count
8
-asset-garbage-collectors
1
Successfully changed project path to: D:/UNITY/PROJECTS/makegeo/makegeo
D:/UNITY/PROJECTS/makegeo/makegeo
[UnityMemory] Configuration Parameters - Can be set up in boot.config
    "memorysetup-bucket-allocator-granularity=16"
    "memorysetup-bucket-allocator-bucket-count=8"
    "memorysetup-bucket-allocator-block-size=33554432"
    "memorysetup-bucket-allocator-block-count=8"
    "memorysetup-main-allocator-block-size=16777216"
    "memorysetup-thread-allocator-block-size=16777216"
    "memorysetup-gfx-main-allocator-block-size=16777216"
    "memorysetup-gfx-thread-allocator-block-size=16777216"
    "memorysetup-cache-allocator-block-size=4194304"
    "memorysetup-typetree-allocator-block-size=2097152"
    "memorysetup-profiler-bucket-allocator-granularity=16"
    "memorysetup-profiler-bucket-allocator-bucket-count=8"
    "memorysetup-profiler-bucket-allocator-block-size=33554432"
    "memorysetup-profiler-bucket-allocator-block-count=8"
    "memorysetup-profiler-allocator-block-size=16777216"
    "memorysetup-profiler-editor-allocator-block-size=1048576"
    "memorysetup-temp-allocator-size-main=16777216"
    "memorysetup-job-temp-allocator-block-size=2097152"
    "memorysetup-job-temp-allocator-block-size-background=1048576"
    "memorysetup-job-temp-allocator-reduction-small-platforms=262144"
    "memorysetup-allocator-temp-initial-block-size-main=262144"
    "memorysetup-allocator-temp-initial-block-size-worker=262144"
    "memorysetup-temp-allocator-size-background-worker=32768"
    "memorysetup-temp-allocator-size-job-worker=262144"
    "memorysetup-temp-allocator-size-preload-manager=33554432"
    "memorysetup-temp-allocator-size-nav-mesh-worker=65536"
    "memorysetup-temp-allocator-size-audio-worker=65536"
    "memorysetup-temp-allocator-size-cloud-worker=32768"
    "memorysetup-temp-allocator-size-gi-baking-worker=262144"
    "memorysetup-temp-allocator-size-gi-baking-worker=262144"
    "memorysetup-temp-allocator-size-gi-baking-worker=262144"
    "memorysetup-temp-allocator-size-gi-baking-worker=262144"
    "memorysetup-temp-allocator-size-gi-baking-worker=262144"
    "memorysetup-temp-allocator-size-gfx=262144"
Player connection [5944]  Target information:

Player connection [5944]  * "[IP] 10.9.44.25 [Port] 0 [Flags] 2 [Guid] 474188505 [EditorId] 474188505 [Version] 1048832 [Id] WindowsEditor(7,non) [Debug] 1 [PackageName] WindowsEditor [ProjectName] Editor" 

Player connection [5944] Host joined multi-casting on [225.0.0.222:54997]...
Player connection [5944] Host joined alternative multi-casting on [225.0.0.222:34997]...
JobSystem: Creating JobQueue using job-worker-count value 3
[Physics::Module] Initialized fallback backend.
[Physics::Module] Id: 0xdecafbad
Library Redirect Path: Library/
[Physics::Module] Selected backend.
[Physics::Module] Name: PhysX
[Physics::Module] Id: 0xf2b8ea05
[Physics::Module] SDK Version: 4.1.2
[Physics::Module] Integration Version: 1.0.0
[Physics::Module] Threading Mode: Multi-Threaded
Refreshing native plugins compatible for Editor in 0.00 ms, found 0 plugins.
Preloading 0 native plugins for Editor in 0.00 ms.
Initialize engine version: 6000.0.26f1 (ccb7c73d2c02)
[Subsystems] Discovering subsystems at path D:/6000.0.26f1/Editor/Data/Resources/UnitySubsystems
[Subsystems] Discovering subsystems at path D:/UNITY/PROJECTS/makegeo/makegeo/Assets
GfxDevice: creating device client; kGfxThreadingModeNonThreaded
Direct3D:
    Version:  Direct3D 11.0 [level 11.1]
    Renderer: NVIDIA GeForce MX250 (ID=0x1d13)
    Vendor:   NVIDIA
    VRAM:     1983 MB
    Driver:   30.0.14.7168
Initialize mono
Mono path[0] = 'D:/6000.0.26f1/Editor/Data/Managed'
Mono path[1] = 'D:/6000.0.26f1/Editor/Data/MonoBleedingEdge/lib/mono/unityjit-win32'
Mono config path = 'D:/6000.0.26f1/Editor/Data/MonoBleedingEdge/etc'
Using monoOptions --debugger-agent=transport=dt_socket,embedding=1,server=y,suspend=n,address=127.0.0.1:56272
Begin MonoManager ReloadAssembly
Registering precompiled unity dll's ...
Register platform support module: D:/6000.0.26f1/Editor/Data/PlaybackEngines/WindowsStandaloneSupport/UnityEditor.WindowsStandalone.Extensions.dll
Registered in 0.003220 seconds.
- Loaded All Assemblies, in  0.749 seconds
Native extension for WindowsStandalone target not found
Mono: successfully reloaded assembly
- Finished resetting the current domain, in  0.670 seconds
Domain Reload Profiling: 1419ms
	BeginReloadAssembly (237ms)
		ExecutionOrderSort (0ms)
		DisableScriptedObjects (0ms)
		BackupInstance (0ms)
		ReleaseScriptingObjects (0ms)
		CreateAndSetChildDomain (2ms)
	RebuildCommonClasses (78ms)
	RebuildNativeTypeToScriptingClass (27ms)
	initialDomainReloadingComplete (84ms)
	LoadAllAssembliesAndSetupDomain (323ms)
		LoadAssemblies (236ms)
		RebuildTransferFunctionScriptingTraits (0ms)
		AnalyzeDomain (318ms)
			TypeCache.Refresh (315ms)
				TypeCache.ScanAssembly (290ms)
			BuildScriptInfoCaches (0ms)
			ResolveRequiredComponents (1ms)
	FinalizeReload (671ms)
		ReleaseScriptCaches (0ms)
		RebuildScriptCaches (0ms)
		SetupLoadedEditorAssemblies (603ms)
			LogAssemblyErrors (0ms)
			InitializePlatformSupportModulesInManaged (50ms)
			SetLoadedEditorAssemblies (9ms)
			BeforeProcessingInitializeOnLoad (16ms)
			ProcessInitializeOnLoadAttributes (388ms)
			ProcessInitializeOnLoadMethodAttributes (137ms)
			AfterProcessingInitializeOnLoad (4ms)
			EditorAssembliesLoaded (0ms)
		ExecutionOrderSort2 (0ms)
		AwakeInstancesAfterBackupRestoration (0ms)
========================================================================
Worker process is ready to serve import requests
Import Worker Mode flag is 0x00
Begin MonoManager ReloadAssembly
- Loaded All Assemblies, in  0.949 seconds
Refreshing native plugins compatible for Editor in 0.00 ms, found 0 plugins.
Native extension for WindowsStandalone target not found
Mono: successfully reloaded assembly
- Finished resetting the current domain, in  0.929 seconds
Domain Reload Profiling: 1878ms
	BeginReloadAssembly (788ms)
		ExecutionOrderSort (0ms)
		DisableScriptedObjects (12ms)
		BackupInstance (0ms)
		ReleaseScriptingObjects (0ms)
		CreateAndSetChildDomain (57ms)
	RebuildCommonClasses (78ms)
	RebuildNativeTypeToScriptingClass (27ms)
	initialDomainReloadingComplete (33ms)
	LoadAllAssembliesAndSetupDomain (23ms)
		LoadAssemblies (199ms)
		RebuildTransferFunctionScriptingTraits (0ms)
		AnalyzeDomain (18ms)
			TypeCache.Refresh (12ms)
				TypeCache.ScanAssembly (4ms)
			BuildScriptInfoCaches (2ms)
			ResolveRequiredComponents (1ms)
	FinalizeReload (930ms)
		ReleaseScriptCaches (0ms)
		RebuildScriptCaches (0ms)
		SetupLoadedEditorAssemblies (471ms)
			LogAssemblyErrors (0ms)
			InitializePlatformSupportModulesInManaged (4ms)
			SetLoadedEditorAssemblies (5ms)
			BeforeProcessingInitializeOnLoad (20ms)
			ProcessInitializeOnLoadAttributes (297ms)
			ProcessInitializeOnLoadMethodAttributes (63ms)
			AfterProcessingInitializeOnLoad (81ms)
			EditorAssembliesLoaded (0ms)
		ExecutionOrderSort2 (0ms)
		AwakeInstancesAfterBackupRestoration (12ms)
Launched and connected shader compiler UnityShaderCompiler.exe after 0.02 seconds
Refreshing native plugins compatible for Editor in 0.00 ms, found 0 plugins.
Preloading 0 native plugins for Editor in 0.00 ms.
Unloading 7 Unused Serialized files (Serialized files now loaded: 0)
Unloading 259 unused Assets / (79.9 KB). Loaded Objects now: 857.
Memory consumption went from 81.9 MB to 81.8 MB.
Total: 6.824300 ms (FindLiveObjects: 0.132200 ms CreateObjectMapping: 0.046200 ms MarkObjects: 6.495500 ms  DeleteObjects: 0.148900 ms)

========================================================================
Received Import Request.
  Time since last request: 89163.739068 seconds.
  path: Assets/TerrainStuff
  artifactKey: Guid(618feed19776941bc897135e07c08aa9) Importer(815301076,1909f56bfc062723c751e8b465ee728b)
Start importing Assets/TerrainStuff using Guid(618feed19776941bc897135e07c08aa9) Importer(815301076,1909f56bfc062723c751e8b465ee728b) (PreviewImporter) -> (artifact id: 'ffa35deb78019e5d54302b355edff0ea') in 0.0083397 seconds
Number of updated asset objects reloaded before import = 0Number of asset objects unloaded after import = 0

========================================================================
Received Import Request.
  Time since last request: 0.000059 seconds.
  path: Assets/SharedvsNonSharedVertices
  artifactKey: Guid(e3a79bfbd1aeb487c8f1e893ddd654df) Importer(815301076,1909f56bfc062723c751e8b465ee728b)
Start importing Assets/SharedvsNonSharedVertices using Guid(e3a79bfbd1aeb487c8f1e893ddd654df) Importer(815301076,1909f56bfc062723c751e8b465ee728b) (PreviewImporter) -> (artifact id: 'd635a491de5b7e25d0bb15b00f17f3e8') in 0.000819 seconds
Number of updated asset objects reloaded before import = 0Number of asset objects unloaded after import = 0

========================================================================
Received Import Request.
  Time since last request: 0.000065 seconds.
  path: Assets/ClickTriangle
  artifactKey: Guid(8405e1c724bd44cc89469d0a3eb80672) Importer(815301076,1909f56bfc062723c751e8b465ee728b)
Start importing Assets/ClickTriangle using Guid(8405e1c724bd44cc89469d0a3eb80672) Importer(815301076,1909f56bfc062723c751e8b465ee728b) (PreviewImporter) -> (artifact id: '41fcf7c75b7904a24c4401d14632e16b') in 0.0010577 seconds
Number of updated asset objects reloaded before import = 0Number of asset objects unloaded after import = 0

========================================================================
Received Import Request.
  Time since last request: 0.000055 seconds.
  path: Assets/Datasack
  artifactKey: Guid(c245700cd3811488f8837ae435bc067e) Importer(815301076,1909f56bfc062723c751e8b465ee728b)
Start importing Assets/Datasack using Guid(c245700cd3811488f8837ae435bc067e) Importer(815301076,1909f56bfc062723c751e8b465ee728b) (PreviewImporter) -> (artifact id: 'b30f362c53d21dde32346ea3f7528d9a') in 0.0007438 seconds
Number of updated asset objects reloaded before import = 0Number of asset objects unloaded after import = 0

========================================================================
Received Import Request.
  Time since last request: 0.881005 seconds.
  path: Assets/ZNotMyCode
  artifactKey: Guid(688169f62820744adb87997cc6c8ea97) Importer(815301076,1909f56bfc062723c751e8b465ee728b)
Start importing Assets/ZNotMyCode using Guid(688169f62820744adb87997cc6c8ea97) Importer(815301076,1909f56bfc062723c751e8b465ee728b) (PreviewImporter) -> (artifact id: '59a567db0fac8069dc066762b0985e0c') in 0.0006472 seconds
Number of updated asset objects reloaded before import = 0Number of asset objects unloaded after import = 0

========================================================================
Received Import Request.
  Time since last request: 0.611101 seconds.
  path: Assets/uvscrolling
  artifactKey: Guid(55045d6f473754f9fb034639f68d74bc) Importer(815301076,1909f56bfc062723c751e8b465ee728b)
Start importing Assets/uvscrolling using Guid(55045d6f473754f9fb034639f68d74bc) Importer(815301076,1909f56bfc062723c751e8b465ee728b) (PreviewImporter) -> (artifact id: 'ce8ba0be1e8d13fee12b59d017722a1d') in 0.0007533 seconds
Number of updated asset objects reloaded before import = 0Number of asset objects unloaded after import = 0

========================================================================
Received Import Request.
  Time since last request: 4.255367 seconds.
  path: Assets/DiggingTerrainAntColony
  artifactKey: Guid(9d14d8b5a072b40c5adfb1e73927e51f) Importer(815301076,1909f56bfc062723c751e8b465ee728b)
Start importing Assets/DiggingTerrainAntColony using Guid(9d14d8b5a072b40c5adfb1e73927e51f) Importer(815301076,1909f56bfc062723c751e8b465ee728b) (PreviewImporter) -> (artifact id: 'acd6bf529852822f9c937df6f3bcea39') in 0.0010575 seconds
Number of updated asset objects reloaded before import = 0Number of asset objects unloaded after import = 0

========================================================================
Received Import Request.
  Time since last request: 0.470444 seconds.
  path: Assets/Editor
  artifactKey: Guid(b72507805951946f3b89c1f8caee9e6f) Importer(815301076,1909f56bfc062723c751e8b465ee728b)
Start importing Assets/Editor using Guid(b72507805951946f3b89c1f8caee9e6f) Importer(815301076,1909f56bfc062723c751e8b465ee728b) (PreviewImporter) -> (artifact id: 'db30d6240453c0e31f158e6b58249720') in 0.0009292 seconds
Number of updated asset objects reloaded before import = 0Number of asset objects unloaded after import = 0

========================================================================
Received Import Request.
  Time since last request: 0.383504 seconds.
  path: Assets/ElectricFences
  artifactKey: Guid(e35024422072b4244981c095dd061d34) Importer(815301076,1909f56bfc062723c751e8b465ee728b)
Start importing Assets/ElectricFences using Guid(e35024422072b4244981c095dd061d34) Importer(815301076,1909f56bfc062723c751e8b465ee728b) (PreviewImporter) -> (artifact id: '553ec08000900e3cf15d09f2050aadc3') in 0.0008397 seconds
Number of updated asset objects reloaded before import = 0Number of asset objects unloaded after import = 0

========================================================================
Received Import Request.
  Time since last request: 0.337518 seconds.
  path: Assets/ExpandingBall
  artifactKey: Guid(38f14ce7547a94c74a4d0699d19153cc) Importer(815301076,1909f56bfc062723c751e8b465ee728b)
Start importing Assets/ExpandingBall using Guid(38f14ce7547a94c74a4d0699d19153cc) Importer(815301076,1909f56bfc062723c751e8b465ee728b) (PreviewImporter) -> (artifact id: '651462d49edd6e1cc897534d822cfb1a') in 0.0011816 seconds
Number of updated asset objects reloaded before import = 0Number of asset objects unloaded after import = 0

========================================================================
Received Import Request.
  Time since last request: 0.408652 seconds.
  path: Assets/Gizmos
  artifactKey: Guid(fc39013748b3745148a48ff56350954f) Importer(815301076,1909f56bfc062723c751e8b465ee728b)
Start importing Assets/Gizmos using Guid(fc39013748b3745148a48ff56350954f) Importer(815301076,1909f56bfc062723c751e8b465ee728b) (PreviewImporter) -> (artifact id: '155b4d1700012a0ca105844c2077bb22') in 0.0005066 seconds
Number of updated asset objects reloaded before import = 0Number of asset objects unloaded after import = 0

========================================================================
Received Import Request.
  Time since last request: 0.511862 seconds.
  path: Assets/Hex
  artifactKey: Guid(72ca22f98b256482f8cb7c452643c2a3) Importer(815301076,1909f56bfc062723c751e8b465ee728b)
Start importing Assets/Hex using Guid(72ca22f98b256482f8cb7c452643c2a3) Importer(815301076,1909f56bfc062723c751e8b465ee728b) (PreviewImporter) -> (artifact id: '73b55bbbd96d9f8e7b7dabda6e86d508') in 0.0007169 seconds
Number of updated asset objects reloaded before import = 0Number of asset objects unloaded after import = 0

========================================================================
Received Import Request.
  Time since last request: 0.681835 seconds.
  path: Assets/JoinEdgeToSurface
  artifactKey: Guid(3852651e7b9de46efb854ca39a8f6a66) Importer(815301076,1909f56bfc062723c751e8b465ee728b)
Start importing Assets/JoinEdgeToSurface using Guid(3852651e7b9de46efb854ca39a8f6a66) Importer(815301076,1909f56bfc062723c751e8b465ee728b) (PreviewImporter) -> (artifact id: '77be3109325f90f17689cd47155790c9') in 0.0007365 seconds
Number of updated asset objects reloaded before import = 0Number of asset objects unloaded after import = 0

========================================================================
Received Import Request.
  Time since last request: 0.427824 seconds.
  path: Assets/makecubes
  artifactKey: Guid(891acb074f4984dee879dd34d89216f5) Importer(815301076,1909f56bfc062723c751e8b465ee728b)
Start importing Assets/makecubes using Guid(891acb074f4984dee879dd34d89216f5) Importer(815301076,1909f56bfc062723c751e8b465ee728b) (PreviewImporter) -> (artifact id: '0dc8bf9e9ef76da8ce7380c35b17a221') in 0.000647 seconds
Number of updated asset objects reloaded before import = 0Number of asset objects unloaded after import = 0

========================================================================
Received Import Request.
  Time since last request: 4.160665 seconds.
  path: Assets/makemeshcolliderandhitwithraycast
  artifactKey: Guid(5e2a6accab82c4e0ba9c4f0083f5aac5) Importer(815301076,1909f56bfc062723c751e8b465ee728b)
Start importing Assets/makemeshcolliderandhitwithraycast using Guid(5e2a6accab82c4e0ba9c4f0083f5aac5) Importer(815301076,1909f56bfc062723c751e8b465ee728b) (PreviewImporter) -> (artifact id: '76c024c57cabc812e9bccbb930981c8a') in 0.0008227 seconds
Number of updated asset objects reloaded before import = 0Number of asset objects unloaded after import = 0

