Using pre-set license
Built from '6000.0/staging' branch; Version is '6000.0.26f1 (ccb7c73d2c02) revision 13416391'; Using compiler version '193933523'; Build Type 'Release'
OS: 'Windows 10  (10.0.19045) 64bit CoreSingleLanguage' Language: 'en' Physical Memory: 8042 MB
BatchMode: 1, IsHumanControllingUs: 0, StartBugReporterOnCrash: 0, Is64bit: 1, IsPro: 1

COMMAND LINE ARGUMENTS:
D:\6000.0.26f1\Editor\Unity.exe
-adb2
-batchMode
-noUpm
-name
AssetImportWorker0
-projectPath
D:/UNITY/PROJECTS/makegeo/makegeo
-logFile
Logs/AssetImportWorker0.log
-srvPort
49672
-job-worker-count
3
-background-job-worker-count
8
-asset-garbage-collectors
1
Successfully changed project path to: D:/UNITY/PROJECTS/makegeo/makegeo
D:/UNITY/PROJECTS/makegeo/makegeo
[UnityMemory] Configuration Parameters - Can be set up in boot.config
    "memorysetup-bucket-allocator-granularity=16"
    "memorysetup-bucket-allocator-bucket-count=8"
    "memorysetup-bucket-allocator-block-size=33554432"
    "memorysetup-bucket-allocator-block-count=8"
    "memorysetup-main-allocator-block-size=16777216"
    "memorysetup-thread-allocator-block-size=16777216"
    "memorysetup-gfx-main-allocator-block-size=16777216"
    "memorysetup-gfx-thread-allocator-block-size=16777216"
    "memorysetup-cache-allocator-block-size=4194304"
    "memorysetup-typetree-allocator-block-size=2097152"
    "memorysetup-profiler-bucket-allocator-granularity=16"
    "memorysetup-profiler-bucket-allocator-bucket-count=8"
    "memorysetup-profiler-bucket-allocator-block-size=33554432"
    "memorysetup-profiler-bucket-allocator-block-count=8"
    "memorysetup-profiler-allocator-block-size=16777216"
    "memorysetup-profiler-editor-allocator-block-size=1048576"
    "memorysetup-temp-allocator-size-main=16777216"
    "memorysetup-job-temp-allocator-block-size=2097152"
    "memorysetup-job-temp-allocator-block-size-background=1048576"
    "memorysetup-job-temp-allocator-reduction-small-platforms=262144"
    "memorysetup-allocator-temp-initial-block-size-main=262144"
    "memorysetup-allocator-temp-initial-block-size-worker=262144"
    "memorysetup-temp-allocator-size-background-worker=32768"
    "memorysetup-temp-allocator-size-job-worker=262144"
    "memorysetup-temp-allocator-size-preload-manager=33554432"
    "memorysetup-temp-allocator-size-nav-mesh-worker=65536"
    "memorysetup-temp-allocator-size-audio-worker=65536"
    "memorysetup-temp-allocator-size-cloud-worker=32768"
    "memorysetup-temp-allocator-size-gi-baking-worker=262144"
    "memorysetup-temp-allocator-size-gi-baking-worker=262144"
    "memorysetup-temp-allocator-size-gi-baking-worker=262144"
    "memorysetup-temp-allocator-size-gi-baking-worker=262144"
    "memorysetup-temp-allocator-size-gi-baking-worker=262144"
    "memorysetup-temp-allocator-size-gfx=262144"
Player connection [5300]  Target information:

Player connection [5300]  * "[IP] 10.9.44.25 [Port] 0 [Flags] 2 [Guid] 3548118196 [EditorId] 3548118196 [Version] 1048832 [Id] WindowsEditor(7,non) [Debug] 1 [PackageName] WindowsEditor [ProjectName] Editor" 

Player connection [5300] Host joined multi-casting on [225.0.0.222:54997]...
Player connection [5300] Host joined alternative multi-casting on [225.0.0.222:34997]...
JobSystem: Creating JobQueue using job-worker-count value 3
[Physics::Module] Initialized fallback backend.
[Physics::Module] Id: 0xdecafbad
Library Redirect Path: Library/
[Physics::Module] Selected backend.
[Physics::Module] Name: PhysX
[Physics::Module] Id: 0xf2b8ea05
[Physics::Module] SDK Version: 4.1.2
[Physics::Module] Integration Version: 1.0.0
[Physics::Module] Threading Mode: Multi-Threaded
Refreshing native plugins compatible for Editor in 0.00 ms, found 0 plugins.
Preloading 0 native plugins for Editor in 0.00 ms.
Initialize engine version: 6000.0.26f1 (ccb7c73d2c02)
[Subsystems] Discovering subsystems at path D:/6000.0.26f1/Editor/Data/Resources/UnitySubsystems
[Subsystems] Discovering subsystems at path D:/UNITY/PROJECTS/makegeo/makegeo/Assets
GfxDevice: creating device client; kGfxThreadingModeNonThreaded
Direct3D:
    Version:  Direct3D 11.0 [level 11.1]
    Renderer: NVIDIA GeForce MX250 (ID=0x1d13)
    Vendor:   NVIDIA
    VRAM:     1983 MB
    Driver:   30.0.14.7168
Initialize mono
Mono path[0] = 'D:/6000.0.26f1/Editor/Data/Managed'
Mono path[1] = 'D:/6000.0.26f1/Editor/Data/MonoBleedingEdge/lib/mono/unityjit-win32'
Mono config path = 'D:/6000.0.26f1/Editor/Data/MonoBleedingEdge/etc'
Using monoOptions --debugger-agent=transport=dt_socket,embedding=1,server=y,suspend=n,address=127.0.0.1:56592
Begin MonoManager ReloadAssembly
Registering precompiled unity dll's ...
Register platform support module: D:/6000.0.26f1/Editor/Data/PlaybackEngines/WindowsStandaloneSupport/UnityEditor.WindowsStandalone.Extensions.dll
Registered in 0.003142 seconds.
- Loaded All Assemblies, in  0.775 seconds
Native extension for WindowsStandalone target not found
Mono: successfully reloaded assembly
- Finished resetting the current domain, in  0.682 seconds
Domain Reload Profiling: 1456ms
	BeginReloadAssembly (281ms)
		ExecutionOrderSort (0ms)
		DisableScriptedObjects (0ms)
		BackupInstance (0ms)
		ReleaseScriptingObjects (0ms)
		CreateAndSetChildDomain (1ms)
	RebuildCommonClasses (69ms)
	RebuildNativeTypeToScriptingClass (26ms)
	initialDomainReloadingComplete (82ms)
	LoadAllAssembliesAndSetupDomain (315ms)
		LoadAssemblies (279ms)
		RebuildTransferFunctionScriptingTraits (0ms)
		AnalyzeDomain (310ms)
			TypeCache.Refresh (308ms)
				TypeCache.ScanAssembly (280ms)
			BuildScriptInfoCaches (0ms)
			ResolveRequiredComponents (1ms)
	FinalizeReload (682ms)
		ReleaseScriptCaches (0ms)
		RebuildScriptCaches (0ms)
		SetupLoadedEditorAssemblies (610ms)
			LogAssemblyErrors (0ms)
			InitializePlatformSupportModulesInManaged (47ms)
			SetLoadedEditorAssemblies (8ms)
			BeforeProcessingInitializeOnLoad (11ms)
			ProcessInitializeOnLoadAttributes (385ms)
			ProcessInitializeOnLoadMethodAttributes (153ms)
			AfterProcessingInitializeOnLoad (5ms)
			EditorAssembliesLoaded (0ms)
		ExecutionOrderSort2 (0ms)
		AwakeInstancesAfterBackupRestoration (0ms)
========================================================================
Worker process is ready to serve import requests
Import Worker Mode flag is 0x00
Begin MonoManager ReloadAssembly
- Loaded All Assemblies, in  1.304 seconds
Refreshing native plugins compatible for Editor in 0.00 ms, found 0 plugins.
Native extension for WindowsStandalone target not found
Mono: successfully reloaded assembly
- Finished resetting the current domain, in  1.231 seconds
Domain Reload Profiling: 2535ms
	BeginReloadAssembly (1103ms)
		ExecutionOrderSort (0ms)
		DisableScriptedObjects (12ms)
		BackupInstance (0ms)
		ReleaseScriptingObjects (0ms)
		CreateAndSetChildDomain (53ms)
	RebuildCommonClasses (85ms)
	RebuildNativeTypeToScriptingClass (23ms)
	initialDomainReloadingComplete (32ms)
	LoadAllAssembliesAndSetupDomain (60ms)
		LoadAssemblies (210ms)
		RebuildTransferFunctionScriptingTraits (0ms)
		AnalyzeDomain (51ms)
			TypeCache.Refresh (26ms)
				TypeCache.ScanAssembly (18ms)
			BuildScriptInfoCaches (10ms)
			ResolveRequiredComponents (11ms)
	FinalizeReload (1232ms)
		ReleaseScriptCaches (0ms)
		RebuildScriptCaches (0ms)
		SetupLoadedEditorAssemblies (654ms)
			LogAssemblyErrors (0ms)
			InitializePlatformSupportModulesInManaged (5ms)
			SetLoadedEditorAssemblies (6ms)
			BeforeProcessingInitializeOnLoad (27ms)
			ProcessInitializeOnLoadAttributes (288ms)
			ProcessInitializeOnLoadMethodAttributes (245ms)
			AfterProcessingInitializeOnLoad (83ms)
			EditorAssembliesLoaded (1ms)
		ExecutionOrderSort2 (0ms)
		AwakeInstancesAfterBackupRestoration (14ms)
Launched and connected shader compiler UnityShaderCompiler.exe after 0.03 seconds
Refreshing native plugins compatible for Editor in 0.00 ms, found 0 plugins.
Preloading 0 native plugins for Editor in 0.00 ms.
Unloading 8 Unused Serialized files (Serialized files now loaded: 0)
Unloading 600 unused Assets / (106.5 KB). Loaded Objects now: 1199.
Memory consumption went from 84.9 MB to 84.8 MB.
Total: 12.154600 ms (FindLiveObjects: 0.356600 ms CreateObjectMapping: 0.180200 ms MarkObjects: 11.271500 ms  DeleteObjects: 0.344100 ms)

========================================================================
Received Import Request.
  Time since last request: 90260.990224 seconds.
  path: Assets/2d/makepolygoncollider2d/Ground.mat
  artifactKey: Guid(ef849f08a5a444370b46ca3aec3e85b9) Importer(815301076,1909f56bfc062723c751e8b465ee728b)
Start importing Assets/2d/makepolygoncollider2d/Ground.mat using Guid(ef849f08a5a444370b46ca3aec3e85b9) Importer(815301076,1909f56bfc062723c751e8b465ee728b) (PreviewImporter) -> (artifact id: '80b6e64993f3137303a53d54bc046e38') in 0.3641761 seconds
Number of updated asset objects reloaded before import = 0Number of asset objects unloaded after import = 2

========================================================================
Received Import Request.
  Time since last request: 0.000039 seconds.
  path: Assets/2d/makepolygoncollider2d/testfingerpolygons.unity
  artifactKey: Guid(2c959fb04972d4933a650727d9a0c00c) Importer(815301076,1909f56bfc062723c751e8b465ee728b)
Start importing Assets/2d/makepolygoncollider2d/testfingerpolygons.unity using Guid(2c959fb04972d4933a650727d9a0c00c) Importer(815301076,1909f56bfc062723c751e8b465ee728b) (PreviewImporter) -> (artifact id: 'a7a99ee405749cd7a1df39e9c37057a6') in 0.0009194 seconds
Number of updated asset objects reloaded before import = 0Number of asset objects unloaded after import = 0

========================================================================
Received Import Request.
  Time since last request: 0.000075 seconds.
  path: Assets/2d/makepolygoncollider2d/BakedFaller.mat
  artifactKey: Guid(7cca58dd3fa2d42bea1f11f4a9f31b25) Importer(815301076,1909f56bfc062723c751e8b465ee728b)
Start importing Assets/2d/makepolygoncollider2d/BakedFaller.mat using Guid(7cca58dd3fa2d42bea1f11f4a9f31b25) Importer(815301076,1909f56bfc062723c751e8b465ee728b) (PreviewImporter) -> (artifact id: 'af7481dcbd70904e8438a8ccb8d44f49') in 0.038242 seconds
Number of updated asset objects reloaded before import = 0Number of asset objects unloaded after import = 2

========================================================================
Received Import Request.
  Time since last request: 109.574802 seconds.
  path: Assets/2d/makepolygoncollider2d/testmakepolygoncollider2d.unity
  artifactKey: Guid(75d9609e7c5c34c8fb69c33e964dfb2a) Importer(815301076,1909f56bfc062723c751e8b465ee728b)
Start importing Assets/2d/makepolygoncollider2d/testmakepolygoncollider2d.unity using Guid(75d9609e7c5c34c8fb69c33e964dfb2a) Importer(815301076,1909f56bfc062723c751e8b465ee728b) (PreviewImporter) -> (artifact id: '16f28eb65fbb4f5efbefa51ffc79eb33') in 0.001152 seconds
Number of updated asset objects reloaded before import = 0Number of asset objects unloaded after import = 0

========================================================================
Received Import Request.
  Time since last request: 2.926714 seconds.
  path: Assets/2d/makepolygoncollider2d
  artifactKey: Guid(81d738e7c8cd4402cacf06c395518e16) Importer(815301076,1909f56bfc062723c751e8b465ee728b)
Start importing Assets/2d/makepolygoncollider2d using Guid(81d738e7c8cd4402cacf06c395518e16) Importer(815301076,1909f56bfc062723c751e8b465ee728b) (PreviewImporter) -> (artifact id: 'f724cbc34a423b9255804c5d2f63e1b8') in 0.0007315 seconds
Number of updated asset objects reloaded before import = 0Number of asset objects unloaded after import = 0

========================================================================
Received Import Request.
  Time since last request: 0.397241 seconds.
  path: Assets/2d/makeringlinerenderer
  artifactKey: Guid(7a0fab6422b764a00b0d75fa8450073a) Importer(815301076,1909f56bfc062723c751e8b465ee728b)
Start importing Assets/2d/makeringlinerenderer using Guid(7a0fab6422b764a00b0d75fa8450073a) Importer(815301076,1909f56bfc062723c751e8b465ee728b) (PreviewImporter) -> (artifact id: 'b6d1eea779651d84005a5d39371e7e3f') in 0.0008342 seconds
Number of updated asset objects reloaded before import = 0Number of asset objects unloaded after import = 0

========================================================================
Received Import Request.
  Time since last request: 3.978302 seconds.
  path: Assets/Art/abcd/abcd.png
  artifactKey: Guid(cdbeac0fdb5424cbb94a6f0e63cd6b84) Importer(815301076,1909f56bfc062723c751e8b465ee728b)
Start importing Assets/Art/abcd/abcd.png using Guid(cdbeac0fdb5424cbb94a6f0e63cd6b84) Importer(815301076,1909f56bfc062723c751e8b465ee728b) (PreviewImporter) -> (artifact id: '7a6fa063412118fb1ce0082eb00b10f0') in 0.0535858 seconds
Number of updated asset objects reloaded before import = 0Number of asset objects unloaded after import = 2

========================================================================
Received Import Request.
  Time since last request: 0.282341 seconds.
  path: Assets/TerrainStuff/TerrainRampMaker/white32x32.png
  artifactKey: Guid(0b33bc6218c5748b684316e921c78097) Importer(815301076,1909f56bfc062723c751e8b465ee728b)
Start importing Assets/TerrainStuff/TerrainRampMaker/white32x32.png using Guid(0b33bc6218c5748b684316e921c78097) Importer(815301076,1909f56bfc062723c751e8b465ee728b) (PreviewImporter) -> (artifact id: '2901940b2f0d8790a03457707a77cbec') in 0.0322247 seconds
Number of updated asset objects reloaded before import = 0Number of asset objects unloaded after import = 2

========================================================================
Received Import Request.
  Time since last request: 594.548090 seconds.
  path: Assets/ProcGenStuff/SpawningEvenlyAcross/Datasacks/SpawningEvenlyAcross/DistributionStrategyText.asset
  artifactKey: Guid(b208001b9dc754f5280b42fd8438b5ba) Importer(815301076,1909f56bfc062723c751e8b465ee728b)
Start importing Assets/ProcGenStuff/SpawningEvenlyAcross/Datasacks/SpawningEvenlyAcross/DistributionStrategyText.asset using Guid(b208001b9dc754f5280b42fd8438b5ba) Importer(815301076,1909f56bfc062723c751e8b465ee728b) (PreviewImporter) -> (artifact id: 'd2e20e028751a20de99dcfc658c03241') in 0.0049341 seconds
Number of updated asset objects reloaded before import = 0Number of asset objects unloaded after import = 1

========================================================================
Received Import Request.
  Time since last request: 0.021183 seconds.
  path: Assets/TerrainStuff/TerrainDamager/Prefabs/GrenadeExplosionPrefab.prefab
  artifactKey: Guid(ab745bf244c43416ba812d97aeac6f0d) Importer(815301076,1909f56bfc062723c751e8b465ee728b)
Start importing Assets/TerrainStuff/TerrainDamager/Prefabs/GrenadeExplosionPrefab.prefab using Guid(ab745bf244c43416ba812d97aeac6f0d) Importer(815301076,1909f56bfc062723c751e8b465ee728b) (PreviewImporter) -> (artifact id: '5b51a35ebde818ffae36fc664dcf359c') in 0.0840001 seconds
Number of updated asset objects reloaded before import = 0Number of asset objects unloaded after import = 13

========================================================================
Received Import Request.
  Time since last request: 0.000028 seconds.
  path: Assets/ExpandingBall/Materials/noise_expanding_ball_ground.mat
  artifactKey: Guid(0081d5add402849c4aed3d7c37fb1a6d) Importer(815301076,1909f56bfc062723c751e8b465ee728b)
Start importing Assets/ExpandingBall/Materials/noise_expanding_ball_ground.mat using Guid(0081d5add402849c4aed3d7c37fb1a6d) Importer(815301076,1909f56bfc062723c751e8b465ee728b) (PreviewImporter) -> (artifact id: 'f5984ea365bc53817682eb7bb275d2ce') in 0.321517 seconds
Number of updated asset objects reloaded before import = 0Number of asset objects unloaded after import = 2

========================================================================
Received Import Request.
  Time since last request: 0.657594 seconds.
  path: Assets/ExpandingBall/Materials/noise_expanding_ball_walls.mat
  artifactKey: Guid(8b4df39d9bdb0453f96de6255431fe22) Importer(815301076,1909f56bfc062723c751e8b465ee728b)
Start importing Assets/ExpandingBall/Materials/noise_expanding_ball_walls.mat using Guid(8b4df39d9bdb0453f96de6255431fe22) Importer(815301076,1909f56bfc062723c751e8b465ee728b) (PreviewImporter) -> (artifact id: '82d1ec7196046b019a983fef94ea77e8') in 0.0222151 seconds
Number of updated asset objects reloaded before import = 0Number of asset objects unloaded after import = 2

========================================================================
Received Import Request.
  Time since last request: 1.657638 seconds.
  path: Assets/ExpandingBall/ExpandingBall.unity
  artifactKey: Guid(60567481bdcc24e6f92d282921efb20d) Importer(815301076,1909f56bfc062723c751e8b465ee728b)
Start importing Assets/ExpandingBall/ExpandingBall.unity using Guid(60567481bdcc24e6f92d282921efb20d) Importer(815301076,1909f56bfc062723c751e8b465ee728b) (PreviewImporter) -> (artifact id: '1d8b5bc7878ea65ca09e55a8459c2d57') in 0.0007058 seconds
Number of updated asset objects reloaded before import = 0Number of asset objects unloaded after import = 0

========================================================================
Received Import Request.
  Time since last request: 0.585722 seconds.
  path: Assets/ExpandingBall/ExpandingBall.cs
  artifactKey: Guid(66001e0f120784473a4229c94b723931) Importer(815301076,1909f56bfc062723c751e8b465ee728b)
Start importing Assets/ExpandingBall/ExpandingBall.cs using Guid(66001e0f120784473a4229c94b723931) Importer(815301076,1909f56bfc062723c751e8b465ee728b) (PreviewImporter) -> (artifact id: '6ed4aa88227f3cc8f47b2d014ef654b6') in 0.0007316 seconds
Number of updated asset objects reloaded before import = 0Number of asset objects unloaded after import = 0

========================================================================
Received Prepare
Begin MonoManager ReloadAssembly
- Loaded All Assemblies, in  0.437 seconds
Refreshing native plugins compatible for Editor in 0.00 ms, found 0 plugins.
Native extension for WindowsStandalone target not found
Mono: successfully reloaded assembly
- Finished resetting the current domain, in  0.890 seconds
Domain Reload Profiling: 1327ms
	BeginReloadAssembly (272ms)
		ExecutionOrderSort (0ms)
		DisableScriptedObjects (9ms)
		BackupInstance (0ms)
		ReleaseScriptingObjects (0ms)
		CreateAndSetChildDomain (45ms)
	RebuildCommonClasses (73ms)
	RebuildNativeTypeToScriptingClass (25ms)
	initialDomainReloadingComplete (25ms)
	LoadAllAssembliesAndSetupDomain (41ms)
		LoadAssemblies (180ms)
		RebuildTransferFunctionScriptingTraits (0ms)
		AnalyzeDomain (34ms)
			TypeCache.Refresh (5ms)
				TypeCache.ScanAssembly (0ms)
			BuildScriptInfoCaches (18ms)
			ResolveRequiredComponents (8ms)
	FinalizeReload (891ms)
		ReleaseScriptCaches (0ms)
		RebuildScriptCaches (0ms)
		SetupLoadedEditorAssemblies (466ms)
			LogAssemblyErrors (0ms)
			InitializePlatformSupportModulesInManaged (4ms)
			SetLoadedEditorAssemblies (4ms)
			BeforeProcessingInitializeOnLoad (23ms)
			ProcessInitializeOnLoadAttributes (297ms)
			ProcessInitializeOnLoadMethodAttributes (65ms)
			AfterProcessingInitializeOnLoad (73ms)
			EditorAssembliesLoaded (0ms)
		ExecutionOrderSort2 (0ms)
		AwakeInstancesAfterBackupRestoration (13ms)
Refreshing native plugins compatible for Editor in 0.00 ms, found 0 plugins.
Preloading 0 native plugins for Editor in 0.00 ms.
Unloading 0 Unused Serialized files (Serialized files now loaded: 0)
Unloading 600 unused Assets / (147.6 KB). Loaded Objects now: 1247.
Memory consumption went from 83.6 MB to 83.4 MB.
Total: 6.770900 ms (FindLiveObjects: 0.202200 ms CreateObjectMapping: 0.076900 ms MarkObjects: 6.184000 ms  DeleteObjects: 0.305000 ms)

Prepare: number of updated asset objects reloaded= 0
========================================================================
Received Prepare
Begin MonoManager ReloadAssembly
- Loaded All Assemblies, in  0.449 seconds
Refreshing native plugins compatible for Editor in 0.00 ms, found 0 plugins.
Native extension for WindowsStandalone target not found
Mono: successfully reloaded assembly
- Finished resetting the current domain, in  0.915 seconds
Domain Reload Profiling: 1364ms
	BeginReloadAssembly (271ms)
		ExecutionOrderSort (0ms)
		DisableScriptedObjects (10ms)
		BackupInstance (0ms)
		ReleaseScriptingObjects (0ms)
		CreateAndSetChildDomain (41ms)
	RebuildCommonClasses (76ms)
	RebuildNativeTypeToScriptingClass (24ms)
	initialDomainReloadingComplete (29ms)
	LoadAllAssembliesAndSetupDomain (48ms)
		LoadAssemblies (183ms)
		RebuildTransferFunctionScriptingTraits (0ms)
		AnalyzeDomain (40ms)
			TypeCache.Refresh (5ms)
				TypeCache.ScanAssembly (0ms)
			BuildScriptInfoCaches (23ms)
			ResolveRequiredComponents (9ms)
	FinalizeReload (916ms)
		ReleaseScriptCaches (0ms)
		RebuildScriptCaches (0ms)
		SetupLoadedEditorAssemblies (474ms)
			LogAssemblyErrors (0ms)
			InitializePlatformSupportModulesInManaged (4ms)
			SetLoadedEditorAssemblies (4ms)
			BeforeProcessingInitializeOnLoad (24ms)
			ProcessInitializeOnLoadAttributes (298ms)
			ProcessInitializeOnLoadMethodAttributes (62ms)
			AfterProcessingInitializeOnLoad (82ms)
			EditorAssembliesLoaded (0ms)
		ExecutionOrderSort2 (0ms)
		AwakeInstancesAfterBackupRestoration (13ms)
Refreshing native plugins compatible for Editor in 0.00 ms, found 0 plugins.
Preloading 0 native plugins for Editor in 0.00 ms.
Unloading 0 Unused Serialized files (Serialized files now loaded: 0)
Unloading 598 unused Assets / (86.3 KB). Loaded Objects now: 1247.
Memory consumption went from 83.6 MB to 83.5 MB.
Total: 5.159700 ms (FindLiveObjects: 0.179100 ms CreateObjectMapping: 0.070200 ms MarkObjects: 4.721600 ms  DeleteObjects: 0.187600 ms)

Prepare: number of updated asset objects reloaded= 0
========================================================================
Received Import Request.
  Time since last request: 100.933277 seconds.
  path: Assets/ExpandingBall/ExpandingBall
  artifactKey: Guid(ad85b7f7cafea3a43adb5c1dccd93482) Importer(815301076,1909f56bfc062723c751e8b465ee728b)
Start importing Assets/ExpandingBall/ExpandingBall using Guid(ad85b7f7cafea3a43adb5c1dccd93482) Importer(815301076,1909f56bfc062723c751e8b465ee728b) (PreviewImporter) -> (artifact id: '627fb4fd2780a397c1502966c5a0812a') in 0.0034458 seconds
Number of updated asset objects reloaded before import = 0Number of asset objects unloaded after import = 0

========================================================================
Received Import Request.
  Time since last request: 0.562586 seconds.
  path: Assets/ExpandingBall/Materials
  artifactKey: Guid(f2db9ad9b994e42e6902db5eb804da21) Importer(815301076,1909f56bfc062723c751e8b465ee728b)
Start importing Assets/ExpandingBall/Materials using Guid(f2db9ad9b994e42e6902db5eb804da21) Importer(815301076,1909f56bfc062723c751e8b465ee728b) (PreviewImporter) -> (artifact id: 'd870056569bd2b38ab369462a432f123') in 0.0011006 seconds
Number of updated asset objects reloaded before import = 0Number of asset objects unloaded after import = 0

========================================================================
Received Import Request.
  Time since last request: 0.435798 seconds.
  path: Assets/ExpandingBall/ExpandingBall/LightingData.asset
  artifactKey: Guid(36c5541d6b1794149acc5f18d3357e70) Importer(815301076,1909f56bfc062723c751e8b465ee728b)
Start importing Assets/ExpandingBall/ExpandingBall/LightingData.asset using Guid(36c5541d6b1794149acc5f18d3357e70) Importer(815301076,1909f56bfc062723c751e8b465ee728b) (PreviewImporter) -> (artifact id: '4c200f9f3935671d81a59a8b6afb9b5b') in 0.0380545 seconds
Number of updated asset objects reloaded before import = 0Number of asset objects unloaded after import = 2

